0 info it worked if it ends with ok
1 verbose cli [ '/usr/local/bin/node',
1 verbose cli   '/usr/local/bin/npm',
1 verbose cli   'run',
1 verbose cli   'gulp',
1 verbose cli   'watch' ]
2 info using npm@3.5.2
3 info using node@v5.2.0
4 verbose run-script [ 'pregulp', 'gulp', 'postgulp' ]
5 info lifecycle ptn@0.0.1~pregulp: ptn@0.0.1
6 silly lifecycle ptn@0.0.1~pregulp: no script for pregulp, continuing
7 info lifecycle ptn@0.0.1~gulp: ptn@0.0.1
8 verbose lifecycle ptn@0.0.1~gulp: unsafe-perm in lifecycle true
9 verbose lifecycle ptn@0.0.1~gulp: PATH: /usr/local/lib/node_modules/npm/bin/node-gyp-bin:/Users/jiiis/Projects/jiiis/ptn/node_modules/.bin:/usr/local/bin/google-cloud-sdk/bin:/usr/local/mysql/bin:/usr/local/bin:/usr/bin:/bin:/usr/sbin:/sbin
10 verbose lifecycle ptn@0.0.1~gulp: CWD: /Users/jiiis/Projects/jiiis/ptn
11 silly lifecycle ptn@0.0.1~gulp: Args: [ '-c', 'cd ./themes/ptn/assets && gulp --env=prod "watch"' ]
12 silly lifecycle ptn@0.0.1~gulp: Returned: code: 1  signal: null
13 info lifecycle ptn@0.0.1~gulp: Failed to exec gulp script
14 verbose stack Error: ptn@0.0.1 gulp: `cd ./themes/ptn/assets && gulp --env=prod "watch"`
14 verbose stack Exit status 1
14 verbose stack     at EventEmitter.<anonymous> (/usr/local/lib/node_modules/npm/lib/utils/lifecycle.js:232:16)
14 verbose stack     at emitTwo (events.js:88:13)
14 verbose stack     at EventEmitter.emit (events.js:173:7)
14 verbose stack     at ChildProcess.<anonymous> (/usr/local/lib/node_modules/npm/lib/utils/spawn.js:24:14)
14 verbose stack     at emitTwo (events.js:88:13)
14 verbose stack     at ChildProcess.emit (events.js:173:7)
14 verbose stack     at maybeClose (internal/child_process.js:819:16)
14 verbose stack     at Process.ChildProcess._handle.onexit (internal/child_process.js:212:5)
15 verbose pkgid ptn@0.0.1
16 verbose cwd /Users/jiiis/Projects/jiiis/ptn
17 error Darwin 15.2.0
18 error argv "/usr/local/bin/node" "/usr/local/bin/npm" "run" "gulp" "watch"
19 error node v5.2.0
20 error npm  v3.5.2
21 error code ELIFECYCLE
22 error ptn@0.0.1 gulp: `cd ./themes/ptn/assets && gulp --env=prod "watch"`
22 error Exit status 1
23 error Failed at the ptn@0.0.1 gulp script 'cd ./themes/ptn/assets && gulp --env=prod "watch"'.
23 error Make sure you have the latest version of node.js and npm installed.
23 error If you do, this is most likely a problem with the ptn package,
23 error not with npm itself.
23 error Tell the author that this fails on your system:
23 error     cd ./themes/ptn/assets && gulp --env=prod "watch"
23 error You can get information on how to open an issue for this project with:
23 error     npm bugs ptn
23 error Or if that isn't available, you can get their info via:
23 error     npm owner ls ptn
23 error There is likely additional logging output above.
24 verbose exit [ 1, true ]
